<?xml version="1.0" encoding="UTF-8"?>
<!-- Generated by org.testng.reporters.JUnitXMLReporter -->
<testsuite ignored="0" hostname="LAPTOP-ES0GIFHN" failures="0" tests="4" name="Default test" time="23.167" errors="0" timestamp="2021-08-26T09:52:53 IST">
  <testcase classname="com.crm.tests.CreateOpportunityTestScript" name="createOpportunityWithValidDetails on [CreateOpportunityTestScript passed=0 failed=0 skipped=0]" time="8.939"/>
  <testcase classname="com.crm.tests.CreateOpportunityTestScript" name="editOpportunityWithValidDetails on [CreateOpportunityTestScript passed=0 failed=0 skipped=0]" time="1.737"/>
  <testcase classname="com.crm.tests.CreateOpportunityTestScript" name="validateOpportunityDetails on [CreateOpportunityTestScript passed=0 failed=0 skipped=0]" time="6.185"/>
  <testcase classname="com.crm.tests.CreateOpportunityTestScript" name="deleteOpportunity on [CreateOpportunityTestScript passed=0 failed=0 skipped=0]" time="0.402"/>
</testsuite> <!-- Default test -->
