<?xml version="1.0" encoding="UTF-8"?>
<!-- Generated by org.testng.reporters.JUnitXMLReporter -->
<testsuite ignored="0" hostname="LAPTOP-ES0GIFHN" failures="0" tests="2" name="Default test" time="30.03" errors="0" timestamp="2021-08-17T14:47:02 IST">
  <testcase classname="com.crm.tests.CreateAccountTestScript" name="createAccountWithBillingAddress" time="10.934"/>
  <testcase classname="com.crm.tests.CreateAccountTestScript" name="editAccountDetails" time="5.998"/>
</testsuite> <!-- Default test -->
